<?xml version="1.0" encoding="UTF-8"?>
<testsuite xmlns:xsi="http://www.w3.org/2001/XMLSchema-instance" xsi:noNamespaceSchemaLocation="https://maven.apache.org/surefire/maven-surefire-plugin/xsd/surefire-test-report-3.0.xsd" version="3.0" name="com.iucosoft.javaeefinalproject.dao.impl.GenericDaoImplTest" time="0.018" tests="1" errors="0" skipped="0" failures="0">
  <properties>
[...]
</properties>
  <testcase name="testSave" classname="com.iucosoft.javaeefinalproject.dao.impl.GenericDaoImplTest" time="0.01">
    <system-out><![CDATA[SessionFactory created
Session created
Session closed

]]></system-out>
    <system-err><![CDATA[Mar 10, 2025 11:38:18 AM com.iucosoft.javaeefinalproject.dao.impl.GenericDaoImplTest testSave
INFO: Test save
Mar 10, 2025 11:38:18 AM com.iucosoft.javaeefinalproject.dao.impl.GenericDaoImplTest testSave
SEVERE: Eroare la save testjava.lang.IllegalArgumentException: Unknown entity class: null
]]></system-err>
  </testcase>
</testsuite>